netguard-wifi/build/intermediates/manifest_merge_blame_file/debug/manifest-merger-blame-debug-report.txt
1<?xml version="1.0" encoding="utf-8"?>
2<manifest xmlns:android="http://schemas.android.com/apk/res/android"
3    package="io.github.shaharzohar.netguard.wifi" >
4
5    <uses-sdk android:minSdkVersion="24" />
6
7    <uses-permission android:name="android.permission.ACCESS_WIFI_STATE" />
7-->src/main/AndroidManifest.xml:3:5-76
7-->src/main/AndroidManifest.xml:3:22-73
8    <uses-permission android:name="android.permission.ACCESS_NETWORK_STATE" />
8-->src/main/AndroidManifest.xml:4:5-79
8-->src/main/AndroidManifest.xml:4:22-76
9    <uses-permission android:name="android.permission.ACCESS_FINE_LOCATION" />
9-->src/main/AndroidManifest.xml:5:5-79
9-->src/main/AndroidManifest.xml:5:22-76
10
11</manifest>